#! /usr/bin/vvp
:ivl_version "11.0 (stable)" "(v11_0)";
:ivl_delay_selection "TYPICAL";
:vpi_time_precision + 0;
:vpi_module "/usr/lib/ivl/system.vpi";
:vpi_module "/usr/lib/ivl/vhdl_sys.vpi";
:vpi_module "/usr/lib/ivl/vhdl_textio.vpi";
:vpi_module "/usr/lib/ivl/v2005_math.vpi";
:vpi_module "/usr/lib/ivl/va_math.vpi";
S_0x55fae6734ae0 .scope module, "bench" "bench" 2 1;
 .timescale 0 0;
v0x55fae6766360_0 .var "CLK", 0 0;
v0x55fae6766420_0 .net "LEDS", 4 0, v0x55fae6764d50_0;  1 drivers
L_0x7f035607b018 .functor BUFT 1, C4<0>, C4<0>, C4<0>, C4<0>;
v0x55fae67664e0_0 .net "RESET", 0 0, L_0x7f035607b018;  1 drivers
v0x55fae6766600_0 .var "RXD", 0 0;
v0x55fae67666a0_0 .net "TXD", 0 0, L_0x55fae678bc70;  1 drivers
v0x55fae67667e0_0 .var "prev_LEDS", 4 0;
S_0x55fae673d0c0 .scope module, "uut" "SOC" 2 8, 3 313 0, S_0x55fae6734ae0;
 .timescale 0 0;
    .port_info 0 /INPUT 1 "CLK";
    .port_info 1 /INPUT 1 "RESET";
    .port_info 2 /OUTPUT 5 "LEDS";
    .port_info 3 /INPUT 1 "RXD";
    .port_info 4 /OUTPUT 1 "TXD";
P_0x55fae6733d40 .param/l "IO_LEDS_bit" 1 3 357, +C4<00000000000000000000000000000000>;
P_0x55fae6733d80 .param/l "IO_UART_CNTL_bit" 1 3 359, +C4<00000000000000000000000000000010>;
P_0x55fae6733dc0 .param/l "IO_UART_DAT_bit" 1 3 358, +C4<00000000000000000000000000000001>;
L_0x55fae678acd0 .functor AND 1, L_0x55fae678aaf0, L_0x55fae678a440, C4<1>, C4<1>;
L_0x55fae678b630 .functor AND 4, L_0x55fae678b500, L_0x55fae67897f0, C4<1111>, C4<1111>;
L_0x55fae678b730 .functor AND 1, L_0x55fae678aa50, L_0x55fae678ab90, C4<1>, C4<1>;
L_0x55fae678b890 .functor AND 1, L_0x55fae678b730, L_0x55fae678b7a0, C4<1>, C4<1>;
v0x55fae6764bb0_0 .net "CLK", 0 0, v0x55fae6766360_0;  1 drivers
v0x55fae6764c70_0 .net "IO_rdata", 31 0, L_0x55fae678c280;  1 drivers
v0x55fae6764d50_0 .var "LEDS", 4 0;
v0x55fae6764e10_0 .net "RAM_rdata", 31 0, v0x55fae67637c0_0;  1 drivers
v0x55fae6764ed0_0 .net "RESET", 0 0, L_0x7f035607b018;  alias, 1 drivers
v0x55fae6764f70_0 .net "RXD", 0 0, v0x55fae6766600_0;  1 drivers
v0x55fae6765010_0 .net "TXD", 0 0, L_0x55fae678bc70;  alias, 1 drivers
v0x55fae67650e0_0 .net *"_ivl_10", 3 0, L_0x55fae678b500;  1 drivers
v0x55fae6765180_0 .net *"_ivl_14", 0 0, L_0x55fae678b730;  1 drivers
v0x55fae67652f0_0 .net *"_ivl_17", 0 0, L_0x55fae678b7a0;  1 drivers
v0x55fae67653d0_0 .net *"_ivl_25", 0 0, L_0x55fae678bfa0;  1 drivers
L_0x7f035607bc78 .functor BUFT 1, C4<0000000000000000000000>, C4<0>, C4<0>, C4<0>;
v0x55fae67654b0_0 .net/2u *"_ivl_26", 21 0, L_0x7f035607bc78;  1 drivers
v0x55fae6765590_0 .net *"_ivl_29", 0 0, L_0x55fae678c040;  1 drivers
L_0x7f035607bcc0 .functor BUFT 1, C4<000000000>, C4<0>, C4<0>, C4<0>;
v0x55fae6765650_0 .net/2u *"_ivl_30", 8 0, L_0x7f035607bcc0;  1 drivers
v0x55fae6765730_0 .net *"_ivl_32", 31 0, L_0x55fae678c140;  1 drivers
L_0x7f035607bd08 .functor BUFT 1, C4<00000000000000000000000000000000>, C4<0>, C4<0>, C4<0>;
v0x55fae6765810_0 .net/2u *"_ivl_34", 31 0, L_0x7f035607bd08;  1 drivers
v0x55fae67658f0_0 .net "clk", 0 0, L_0x55fae678c5c0;  1 drivers
v0x55fae6765990_0 .net "isIO", 0 0, L_0x55fae678aa50;  1 drivers
v0x55fae6765a50_0 .net "isRAM", 0 0, L_0x55fae678aaf0;  1 drivers
v0x55fae6765b10_0 .net "mem_addr", 31 0, L_0x55fae6789dd0;  1 drivers
v0x55fae6765bd0_0 .net "mem_rdata", 31 0, L_0x55fae678c480;  1 drivers
v0x55fae6765c90_0 .net "mem_rstrb", 0 0, L_0x55fae678a440;  1 drivers
v0x55fae6765d60_0 .net "mem_wdata", 31 0, L_0x55fae6787390;  1 drivers
v0x55fae6765e50_0 .net "mem_wmask", 3 0, L_0x55fae67897f0;  1 drivers
v0x55fae6765ef0_0 .net "mem_wordaddr", 29 0, L_0x55fae678a920;  1 drivers
v0x55fae6765fb0_0 .net "mem_wstrb", 0 0, L_0x55fae678ab90;  1 drivers
v0x55fae6766070_0 .net "resetn", 0 0, L_0x55fae678c6c0;  1 drivers
v0x55fae6766160_0 .net "uart_ready", 0 0, v0x55fae6764930_0;  1 drivers
v0x55fae6766200_0 .net "uart_valid", 0 0, L_0x55fae678b890;  1 drivers
L_0x55fae678a920 .part L_0x55fae6789dd0, 2, 30;
L_0x55fae678aa50 .part L_0x55fae6789dd0, 22, 1;
L_0x55fae678aaf0 .reduce/nor L_0x55fae678aa50;
L_0x55fae678ab90 .reduce/or L_0x55fae67897f0;
L_0x55fae678b500 .concat [ 1 1 1 1], L_0x55fae678aaf0, L_0x55fae678aaf0, L_0x55fae678aaf0, L_0x55fae678aaf0;
L_0x55fae678b7a0 .part L_0x55fae678a920, 1, 1;
L_0x55fae678bd80 .reduce/nor L_0x55fae678c6c0;
L_0x55fae678be20 .part L_0x55fae6787390, 0, 8;
L_0x55fae678bfa0 .part L_0x55fae678a920, 2, 1;
L_0x55fae678c040 .reduce/nor v0x55fae6764930_0;
L_0x55fae678c140 .concat [ 9 1 22 0], L_0x7f035607bcc0, L_0x55fae678c040, L_0x7f035607bc78;
L_0x55fae678c280 .functor MUXZ 32, L_0x7f035607bd08, L_0x55fae678c140, L_0x55fae678bfa0, C4<>;
L_0x55fae678c480 .functor MUXZ 32, L_0x55fae678c280, v0x55fae67637c0_0, L_0x55fae678aaf0, C4<>;
S_0x55fae67051b0 .scope module, "CPU" "Processor" 3 330, 3 38 0, S_0x55fae673d0c0;
 .timescale 0 0;
    .port_info 0 /INPUT 1 "clk";
    .port_info 1 /INPUT 1 "resetn";
    .port_info 2 /OUTPUT 32 "mem_addr";
    .port_info 3 /INPUT 32 "mem_rdata";
    .port_info 4 /OUTPUT 1 "mem_rstrb";
    .port_info 5 /OUTPUT 32 "mem_wdata";
    .port_info 6 /OUTPUT 4 "mem_wmask";
P_0x55fae6701730 .param/l "EXECUTE" 1 3 249, +C4<00000000000000000000000000000011>;
P_0x55fae6701770 .param/l "FETCH_INSTR" 1 3 246, +C4<00000000000000000000000000000000>;
P_0x55fae67017b0 .param/l "FETCH_REGS" 1 3 248, +C4<00000000000000000000000000000010>;
P_0x55fae67017f0 .param/l "LOAD" 1 3 250, +C4<00000000000000000000000000000100>;
P_0x55fae6701830 .param/l "STORE" 1 3 252, +C4<00000000000000000000000000000110>;
P_0x55fae6701870 .param/l "WAIT_DATA" 1 3 251, +C4<00000000000000000000000000000101>;
P_0x55fae67018b0 .param/l "WAIT_INSTR" 1 3 247, +C4<00000000000000000000000000000001>;
L_0x55fae673ed80 .functor BUFZ 32, v0x55fae6761cd0_0, C4<00000000000000000000000000000000>, C4<00000000000000000000000000000000>, C4<00000000000000000000000000000000>;
L_0x55fae673a7e0 .functor OR 1, L_0x55fae6766950, L_0x55fae6766df0, C4<0>, C4<0>;
L_0x55fae6736530 .functor NOT 32, L_0x55fae677b2b0, C4<00000000000000000000000000000000>, C4<00000000000000000000000000000000>, C4<00000000000000000000000000000000>;
L_0x55fae66b7030 .functor XOR 1, L_0x55fae677c5a0, L_0x55fae677c640, C4<0>, C4<0>;
L_0x55fae677de40 .functor AND 1, L_0x55fae677dac0, L_0x55fae677dda0, C4<1>, C4<1>;
L_0x55fae677f5b0 .functor OR 1, L_0x55fae6767270, L_0x55fae6767040, C4<0>, C4<0>;
L_0x55fae67805f0 .functor AND 1, L_0x55fae6766df0, v0x55fae67623d0_0, C4<1>, C4<1>;
L_0x55fae6780660 .functor OR 1, L_0x55fae67805f0, L_0x55fae6767270, C4<0>, C4<0>;
L_0x55fae6781360 .functor AND 1, L_0x55fae6783630, L_0x55fae6784010, C4<1>, C4<1>;
L_0x55fae6789260 .functor AND 1, L_0x55fae6789080, L_0x55fae67891c0, C4<1>, C4<1>;
L_0x55fae6789420 .functor AND 1, L_0x55fae6789260, L_0x55fae6789380, C4<1>, C4<1>;
L_0x55fae67896e0 .functor OR 1, L_0x55fae6789420, L_0x55fae6789b80, C4<0>, C4<0>;
L_0x55fae6789cc0 .functor OR 1, L_0x55fae6789950, L_0x55fae678a210, C4<0>, C4<0>;
L_0x55fae678a440 .functor OR 1, L_0x55fae6789fb0, L_0x55fae678a300, C4<0>, C4<0>;
L_0x55fae67897f0 .functor AND 4, L_0x55fae678ae20, L_0x55fae6788ea0, C4<1111>, C4<1111>;
v0x55fae673e830_0 .net "Bimm", 31 0, L_0x55fae6779e60;  1 drivers
v0x55fae673ef20_0 .net "EQ", 0 0, L_0x55fae677d230;  1 drivers
v0x55fae673a940_0 .net "Iimm", 31 0, L_0x55fae67789c0;  1 drivers
v0x55fae6736690_0 .net "Jimm", 31 0, L_0x55fae677a7d0;  1 drivers
v0x55fae67556b0_0 .net "LOAD_byte", 7 0, L_0x55fae67830b0;  1 drivers
v0x55fae67557e0_0 .net "LOAD_data", 31 0, L_0x55fae67856f0;  1 drivers
v0x55fae67558c0_0 .net "LOAD_halfword", 15 0, L_0x55fae6782680;  1 drivers
v0x55fae67559a0_0 .net "LOAD_sign", 0 0, L_0x55fae6781360;  1 drivers
v0x55fae6755a60_0 .net "LT", 0 0, L_0x55fae677ccc0;  1 drivers
v0x55fae6755b20_0 .net "LTU", 0 0, L_0x55fae677ce50;  1 drivers
v0x55fae6755be0_0 .var "PC", 31 0;
v0x55fae6755cc0_0 .net "PCplus4", 31 0, L_0x55fae677f670;  1 drivers
v0x55fae6755da0_0 .net "PCplusImm", 31 0, L_0x55fae677f510;  1 drivers
v0x55fae6755e80 .array "RegisterBank", 31 0, 31 0;
v0x55fae6755f40_0 .net "STORE_wmask", 3 0, L_0x55fae6788ea0;  1 drivers
v0x55fae6756020_0 .net "Simm", 31 0, L_0x55fae6779480;  1 drivers
v0x55fae6756100_0 .net "Uimm", 31 0, L_0x55fae6778310;  1 drivers
v0x55fae67561e0_0 .net *"_ivl_1", 6 0, L_0x55fae6766880;  1 drivers
v0x55fae67562c0_0 .net *"_ivl_101", 0 0, L_0x55fae677a1b0;  1 drivers
v0x55fae67563a0_0 .net *"_ivl_102", 11 0, L_0x55fae677a250;  1 drivers
v0x55fae6756480_0 .net *"_ivl_105", 7 0, L_0x55fae677a490;  1 drivers
v0x55fae6756560_0 .net *"_ivl_107", 0 0, L_0x55fae677a530;  1 drivers
v0x55fae6756640_0 .net *"_ivl_109", 9 0, L_0x55fae677a730;  1 drivers
L_0x7f035607b3c0 .functor BUFT 1, C4<0>, C4<0>, C4<0>, C4<0>;
v0x55fae6756720_0 .net/2u *"_ivl_110", 0 0, L_0x7f035607b3c0;  1 drivers
v0x55fae6756800_0 .net *"_ivl_126", 0 0, L_0x55fae673a7e0;  1 drivers
v0x55fae67568e0_0 .net *"_ivl_13", 6 0, L_0x55fae6766d50;  1 drivers
v0x55fae67569c0_0 .net *"_ivl_131", 4 0, L_0x55fae677b590;  1 drivers
v0x55fae6756aa0_0 .net *"_ivl_133", 4 0, L_0x55fae677b680;  1 drivers
L_0x7f035607b408 .functor BUFT 1, C4<1>, C4<0>, C4<0>, C4<0>;
v0x55fae6756b80_0 .net/2u *"_ivl_138", 0 0, L_0x7f035607b408;  1 drivers
L_0x7f035607b0f0 .functor BUFT 1, C4<1100011>, C4<0>, C4<0>, C4<0>;
v0x55fae6756c60_0 .net/2u *"_ivl_14", 6 0, L_0x7f035607b0f0;  1 drivers
v0x55fae6756d40_0 .net *"_ivl_140", 31 0, L_0x55fae6736530;  1 drivers
v0x55fae6756e20_0 .net *"_ivl_142", 32 0, L_0x55fae677bd10;  1 drivers
L_0x7f035607b450 .functor BUFT 1, C4<0>, C4<0>, C4<0>, C4<0>;
v0x55fae6756f00_0 .net/2u *"_ivl_144", 0 0, L_0x7f035607b450;  1 drivers
v0x55fae67571f0_0 .net *"_ivl_146", 32 0, L_0x55fae677be50;  1 drivers
v0x55fae67572d0_0 .net *"_ivl_148", 32 0, L_0x55fae677c110;  1 drivers
L_0x7f035607b498 .functor BUFT 1, C4<000000000000000000000000000000001>, C4<0>, C4<0>, C4<0>;
v0x55fae67573b0_0 .net/2u *"_ivl_150", 32 0, L_0x7f035607b498;  1 drivers
v0x55fae6757490_0 .net *"_ivl_155", 0 0, L_0x55fae677c5a0;  1 drivers
v0x55fae6757570_0 .net *"_ivl_157", 0 0, L_0x55fae677c640;  1 drivers
v0x55fae6757650_0 .net *"_ivl_158", 0 0, L_0x55fae66b7030;  1 drivers
v0x55fae6757730_0 .net *"_ivl_161", 0 0, L_0x55fae677c930;  1 drivers
v0x55fae6757810_0 .net *"_ivl_163", 0 0, L_0x55fae677c9d0;  1 drivers
v0x55fae67578f0_0 .net *"_ivl_169", 31 0, L_0x55fae677d100;  1 drivers
L_0x7f035607b4e0 .functor BUFT 1, C4<00000000000000000000000000000000>, C4<0>, C4<0>, C4<0>;
v0x55fae67579d0_0 .net/2u *"_ivl_170", 31 0, L_0x7f035607b4e0;  1 drivers
L_0x7f035607b528 .functor BUFT 1, C4<001>, C4<0>, C4<0>, C4<0>;
v0x55fae6757ab0_0 .net/2u *"_ivl_174", 2 0, L_0x7f035607b528;  1 drivers
v0x55fae6757b90_0 .net *"_ivl_176", 0 0, L_0x55fae677d570;  1 drivers
v0x55fae6757c50_0 .net *"_ivl_179", 31 0, L_0x55fae677d6b0;  1 drivers
v0x55fae6757d30_0 .net *"_ivl_183", 0 0, L_0x55fae677dac0;  1 drivers
v0x55fae6757e10_0 .net *"_ivl_185", 0 0, L_0x55fae677dda0;  1 drivers
v0x55fae6757ef0_0 .net *"_ivl_186", 0 0, L_0x55fae677de40;  1 drivers
v0x55fae6757fd0_0 .net *"_ivl_188", 32 0, L_0x55fae677df80;  1 drivers
v0x55fae67580b0_0 .net *"_ivl_19", 6 0, L_0x55fae6766fa0;  1 drivers
v0x55fae6758190_0 .net *"_ivl_191", 4 0, L_0x55fae677e310;  1 drivers
v0x55fae6758270_0 .net *"_ivl_192", 32 0, L_0x55fae677e3b0;  1 drivers
v0x55fae6758350_0 .net *"_ivl_199", 0 0, L_0x55fae677eba0;  1 drivers
L_0x7f035607b060 .functor BUFT 1, C4<0110011>, C4<0>, C4<0>, C4<0>;
v0x55fae6758430_0 .net/2u *"_ivl_2", 6 0, L_0x7f035607b060;  1 drivers
L_0x7f035607b138 .functor BUFT 1, C4<1100111>, C4<0>, C4<0>, C4<0>;
v0x55fae6758510_0 .net/2u *"_ivl_20", 6 0, L_0x7f035607b138;  1 drivers
v0x55fae67585f0_0 .net *"_ivl_201", 0 0, L_0x55fae677ec40;  1 drivers
v0x55fae67586d0_0 .net *"_ivl_202", 31 0, L_0x55fae677ef60;  1 drivers
v0x55fae67587b0_0 .net *"_ivl_204", 31 0, L_0x55fae677f0f0;  1 drivers
L_0x7f035607b570 .functor BUFT 1, C4<00000000000000000000000000000100>, C4<0>, C4<0>, C4<0>;
v0x55fae6758890_0 .net/2u *"_ivl_208", 31 0, L_0x7f035607b570;  1 drivers
v0x55fae6758970_0 .net *"_ivl_213", 0 0, L_0x55fae677f5b0;  1 drivers
v0x55fae6758a30_0 .net *"_ivl_214", 31 0, L_0x55fae677fb30;  1 drivers
v0x55fae6758b10_0 .net *"_ivl_216", 31 0, L_0x55fae677fc20;  1 drivers
v0x55fae6758bf0_0 .net *"_ivl_218", 31 0, L_0x55fae6780060;  1 drivers
v0x55fae6758cd0_0 .net *"_ivl_223", 0 0, L_0x55fae67805f0;  1 drivers
v0x55fae67591a0_0 .net *"_ivl_225", 0 0, L_0x55fae6780660;  1 drivers
v0x55fae6759260_0 .net *"_ivl_227", 30 0, L_0x55fae6780770;  1 drivers
L_0x7f035607b5b8 .functor BUFT 1, C4<0>, C4<0>, C4<0>, C4<0>;
v0x55fae6759340_0 .net/2u *"_ivl_228", 0 0, L_0x7f035607b5b8;  1 drivers
v0x55fae6759420_0 .net *"_ivl_230", 31 0, L_0x55fae6780860;  1 drivers
v0x55fae6759500_0 .net *"_ivl_232", 31 0, L_0x55fae6780c70;  1 drivers
v0x55fae67595e0_0 .net *"_ivl_236", 31 0, L_0x55fae6781180;  1 drivers
v0x55fae67596c0_0 .net *"_ivl_241", 1 0, L_0x55fae6781760;  1 drivers
L_0x7f035607b600 .functor BUFT 1, C4<00>, C4<0>, C4<0>, C4<0>;
v0x55fae67597a0_0 .net/2u *"_ivl_242", 1 0, L_0x7f035607b600;  1 drivers
v0x55fae6759880_0 .net *"_ivl_247", 1 0, L_0x55fae6781c40;  1 drivers
L_0x7f035607b648 .functor BUFT 1, C4<01>, C4<0>, C4<0>, C4<0>;
v0x55fae6759960_0 .net/2u *"_ivl_248", 1 0, L_0x7f035607b648;  1 drivers
v0x55fae6759a40_0 .net *"_ivl_25", 6 0, L_0x55fae67671d0;  1 drivers
v0x55fae6759b20_0 .net *"_ivl_253", 0 0, L_0x55fae67820e0;  1 drivers
v0x55fae6759c00_0 .net *"_ivl_255", 15 0, L_0x55fae67821d0;  1 drivers
v0x55fae6759ce0_0 .net *"_ivl_257", 15 0, L_0x55fae67825e0;  1 drivers
L_0x7f035607b180 .functor BUFT 1, C4<1101111>, C4<0>, C4<0>, C4<0>;
v0x55fae6759dc0_0 .net/2u *"_ivl_26", 6 0, L_0x7f035607b180;  1 drivers
v0x55fae6759ea0_0 .net *"_ivl_261", 0 0, L_0x55fae6782b40;  1 drivers
v0x55fae6759f80_0 .net *"_ivl_263", 7 0, L_0x55fae6782be0;  1 drivers
v0x55fae675a060_0 .net *"_ivl_265", 7 0, L_0x55fae6783010;  1 drivers
v0x55fae675a140_0 .net *"_ivl_269", 0 0, L_0x55fae6783590;  1 drivers
v0x55fae675a220_0 .net *"_ivl_271", 0 0, L_0x55fae6783630;  1 drivers
v0x55fae675a2e0_0 .net *"_ivl_273", 0 0, L_0x55fae6783a80;  1 drivers
v0x55fae675a3c0_0 .net *"_ivl_275", 0 0, L_0x55fae6783b70;  1 drivers
v0x55fae675a4a0_0 .net *"_ivl_276", 0 0, L_0x55fae6784010;  1 drivers
v0x55fae675a580_0 .net *"_ivl_280", 23 0, L_0x55fae67841f0;  1 drivers
v0x55fae675a660_0 .net *"_ivl_282", 31 0, L_0x55fae6784800;  1 drivers
v0x55fae675a740_0 .net *"_ivl_284", 15 0, L_0x55fae67848a0;  1 drivers
v0x55fae675a820_0 .net *"_ivl_286", 31 0, L_0x55fae67850e0;  1 drivers
v0x55fae675a900_0 .net *"_ivl_288", 31 0, L_0x55fae67851d0;  1 drivers
v0x55fae675a9e0_0 .net *"_ivl_295", 7 0, L_0x55fae6785880;  1 drivers
v0x55fae675aac0_0 .net *"_ivl_299", 0 0, L_0x55fae6785cd0;  1 drivers
v0x55fae675aba0_0 .net *"_ivl_301", 7 0, L_0x55fae6785e00;  1 drivers
v0x55fae675ac80_0 .net *"_ivl_303", 7 0, L_0x55fae67862f0;  1 drivers
v0x55fae675ad60_0 .net *"_ivl_304", 7 0, L_0x55fae6786390;  1 drivers
v0x55fae675ae40_0 .net *"_ivl_309", 0 0, L_0x55fae6786850;  1 drivers
v0x55fae675af20_0 .net *"_ivl_31", 6 0, L_0x55fae6767410;  1 drivers
v0x55fae675b000_0 .net *"_ivl_311", 7 0, L_0x55fae67868f0;  1 drivers
v0x55fae675b0e0_0 .net *"_ivl_313", 7 0, L_0x55fae6786d70;  1 drivers
v0x55fae675b1c0_0 .net *"_ivl_314", 7 0, L_0x55fae6786e10;  1 drivers
L_0x7f035607b1c8 .functor BUFT 1, C4<0010111>, C4<0>, C4<0>, C4<0>;
v0x55fae675b2a0_0 .net/2u *"_ivl_32", 6 0, L_0x7f035607b1c8;  1 drivers
v0x55fae675b380_0 .net *"_ivl_320", 0 0, L_0x55fae6787520;  1 drivers
v0x55fae675b460_0 .net *"_ivl_322", 7 0, L_0x55fae67879c0;  1 drivers
v0x55fae675b540_0 .net *"_ivl_324", 0 0, L_0x55fae6787a60;  1 drivers
v0x55fae675b620_0 .net *"_ivl_326", 7 0, L_0x55fae6787f10;  1 drivers
v0x55fae675b700_0 .net *"_ivl_328", 7 0, L_0x55fae6787fb0;  1 drivers
v0x55fae675b7e0_0 .net *"_ivl_329", 7 0, L_0x55fae6788470;  1 drivers
v0x55fae675b8c0_0 .net *"_ivl_331", 7 0, L_0x55fae6788600;  1 drivers
v0x55fae675b9a0_0 .net *"_ivl_334", 0 0, L_0x55fae6788190;  1 drivers
v0x55fae675ba80_0 .net *"_ivl_336", 0 0, L_0x55fae6788340;  1 drivers
L_0x7f035607b690 .functor BUFT 1, C4<1000>, C4<0>, C4<0>, C4<0>;
v0x55fae675bb60_0 .net/2u *"_ivl_337", 3 0, L_0x7f035607b690;  1 drivers
L_0x7f035607b6d8 .functor BUFT 1, C4<0100>, C4<0>, C4<0>, C4<0>;
v0x55fae675bc40_0 .net/2u *"_ivl_339", 3 0, L_0x7f035607b6d8;  1 drivers
v0x55fae675bd20_0 .net *"_ivl_341", 3 0, L_0x55fae6788ae0;  1 drivers
v0x55fae675be00_0 .net *"_ivl_344", 0 0, L_0x55fae6788c20;  1 drivers
L_0x7f035607b720 .functor BUFT 1, C4<0010>, C4<0>, C4<0>, C4<0>;
v0x55fae675bee0_0 .net/2u *"_ivl_345", 3 0, L_0x7f035607b720;  1 drivers
L_0x7f035607b768 .functor BUFT 1, C4<0001>, C4<0>, C4<0>, C4<0>;
v0x55fae675bfc0_0 .net/2u *"_ivl_347", 3 0, L_0x7f035607b768;  1 drivers
v0x55fae675c0a0_0 .net *"_ivl_349", 3 0, L_0x55fae67886a0;  1 drivers
v0x55fae675c180_0 .net *"_ivl_351", 3 0, L_0x55fae6788830;  1 drivers
v0x55fae675c260_0 .net *"_ivl_354", 0 0, L_0x55fae67889c0;  1 drivers
L_0x7f035607b7b0 .functor BUFT 1, C4<1100>, C4<0>, C4<0>, C4<0>;
v0x55fae675c340_0 .net/2u *"_ivl_355", 3 0, L_0x7f035607b7b0;  1 drivers
L_0x7f035607b7f8 .functor BUFT 1, C4<0011>, C4<0>, C4<0>, C4<0>;
v0x55fae675c420_0 .net/2u *"_ivl_357", 3 0, L_0x7f035607b7f8;  1 drivers
v0x55fae675c500_0 .net *"_ivl_359", 3 0, L_0x55fae6789120;  1 drivers
L_0x7f035607b840 .functor BUFT 1, C4<1111>, C4<0>, C4<0>, C4<0>;
v0x55fae675c5e0_0 .net/2u *"_ivl_361", 3 0, L_0x7f035607b840;  1 drivers
v0x55fae675c6c0_0 .net *"_ivl_363", 3 0, L_0x55fae6788d60;  1 drivers
v0x55fae675c7a0_0 .net *"_ivl_367", 31 0, L_0x55fae6788f90;  1 drivers
v0x55fae675c880_0 .net *"_ivl_37", 6 0, L_0x55fae6767640;  1 drivers
L_0x7f035607b888 .functor BUFT 1, C4<00000000000000000000000000000>, C4<0>, C4<0>, C4<0>;
v0x55fae675d170_0 .net *"_ivl_370", 28 0, L_0x7f035607b888;  1 drivers
L_0x7f035607b8d0 .functor BUFT 1, C4<00000000000000000000000000000011>, C4<0>, C4<0>, C4<0>;
v0x55fae675d250_0 .net/2u *"_ivl_371", 31 0, L_0x7f035607b8d0;  1 drivers
v0x55fae675d330_0 .net *"_ivl_373", 0 0, L_0x55fae6789080;  1 drivers
v0x55fae675d3f0_0 .net *"_ivl_376", 0 0, L_0x55fae67891c0;  1 drivers
v0x55fae675d4b0_0 .net *"_ivl_378", 0 0, L_0x55fae6789260;  1 drivers
L_0x7f035607b210 .functor BUFT 1, C4<0110111>, C4<0>, C4<0>, C4<0>;
v0x55fae675d570_0 .net/2u *"_ivl_38", 6 0, L_0x7f035607b210;  1 drivers
v0x55fae675d650_0 .net *"_ivl_380", 0 0, L_0x55fae6789380;  1 drivers
v0x55fae675d710_0 .net *"_ivl_382", 0 0, L_0x55fae6789420;  1 drivers
v0x55fae675d7d0_0 .net *"_ivl_383", 31 0, L_0x55fae67894e0;  1 drivers
L_0x7f035607b918 .functor BUFT 1, C4<00000000000000000000000000000>, C4<0>, C4<0>, C4<0>;
v0x55fae675d8b0_0 .net *"_ivl_386", 28 0, L_0x7f035607b918;  1 drivers
L_0x7f035607b960 .functor BUFT 1, C4<00000000000000000000000000000101>, C4<0>, C4<0>, C4<0>;
v0x55fae675d990_0 .net/2u *"_ivl_387", 31 0, L_0x7f035607b960;  1 drivers
v0x55fae675da70_0 .net *"_ivl_389", 0 0, L_0x55fae6789b80;  1 drivers
v0x55fae675db30_0 .net *"_ivl_393", 31 0, L_0x55fae6789860;  1 drivers
L_0x7f035607b9a8 .functor BUFT 1, C4<00000000000000000000000000000>, C4<0>, C4<0>, C4<0>;
v0x55fae675dc10_0 .net *"_ivl_396", 28 0, L_0x7f035607b9a8;  1 drivers
L_0x7f035607b9f0 .functor BUFT 1, C4<00000000000000000000000000000001>, C4<0>, C4<0>, C4<0>;
v0x55fae675dcf0_0 .net/2u *"_ivl_397", 31 0, L_0x7f035607b9f0;  1 drivers
v0x55fae675ddd0_0 .net *"_ivl_399", 0 0, L_0x55fae6789950;  1 drivers
v0x55fae675de90_0 .net *"_ivl_401", 31 0, L_0x55fae6789a90;  1 drivers
L_0x7f035607ba38 .functor BUFT 1, C4<00000000000000000000000000000>, C4<0>, C4<0>, C4<0>;
v0x55fae675df70_0 .net *"_ivl_404", 28 0, L_0x7f035607ba38;  1 drivers
L_0x7f035607ba80 .functor BUFT 1, C4<00000000000000000000000000000000>, C4<0>, C4<0>, C4<0>;
v0x55fae675e050_0 .net/2u *"_ivl_405", 31 0, L_0x7f035607ba80;  1 drivers
v0x55fae675e130_0 .net *"_ivl_407", 0 0, L_0x55fae678a210;  1 drivers
v0x55fae675e1f0_0 .net *"_ivl_410", 0 0, L_0x55fae6789cc0;  1 drivers
v0x55fae675e2b0_0 .net *"_ivl_413", 31 0, L_0x55fae6789ec0;  1 drivers
L_0x7f035607bac8 .functor BUFT 1, C4<00000000000000000000000000000>, C4<0>, C4<0>, C4<0>;
v0x55fae675e390_0 .net *"_ivl_416", 28 0, L_0x7f035607bac8;  1 drivers
L_0x7f035607bb10 .functor BUFT 1, C4<00000000000000000000000000000000>, C4<0>, C4<0>, C4<0>;
v0x55fae675e470_0 .net/2u *"_ivl_417", 31 0, L_0x7f035607bb10;  1 drivers
v0x55fae675e550_0 .net *"_ivl_419", 0 0, L_0x55fae6789fb0;  1 drivers
v0x55fae675e610_0 .net *"_ivl_421", 31 0, L_0x55fae678a7e0;  1 drivers
L_0x7f035607bb58 .functor BUFT 1, C4<00000000000000000000000000000>, C4<0>, C4<0>, C4<0>;
v0x55fae675e6f0_0 .net *"_ivl_424", 28 0, L_0x7f035607bb58;  1 drivers
L_0x7f035607bba0 .functor BUFT 1, C4<00000000000000000000000000000100>, C4<0>, C4<0>, C4<0>;
v0x55fae675e7d0_0 .net/2u *"_ivl_425", 31 0, L_0x7f035607bba0;  1 drivers
v0x55fae675e8b0_0 .net *"_ivl_427", 0 0, L_0x55fae678a300;  1 drivers
v0x55fae675e970_0 .net *"_ivl_43", 6 0, L_0x55fae67678d0;  1 drivers
v0x55fae675ea50_0 .net *"_ivl_431", 31 0, L_0x55fae678a620;  1 drivers
L_0x7f035607bbe8 .functor BUFT 1, C4<00000000000000000000000000000>, C4<0>, C4<0>, C4<0>;
v0x55fae675eb30_0 .net *"_ivl_434", 28 0, L_0x7f035607bbe8;  1 drivers
L_0x7f035607bc30 .functor BUFT 1, C4<00000000000000000000000000000110>, C4<0>, C4<0>, C4<0>;
v0x55fae675ec10_0 .net/2u *"_ivl_435", 31 0, L_0x7f035607bc30;  1 drivers
v0x55fae675ecf0_0 .net *"_ivl_437", 0 0, L_0x55fae678a710;  1 drivers
v0x55fae675edb0_0 .net *"_ivl_439", 3 0, L_0x55fae678ae20;  1 drivers
L_0x7f035607b258 .functor BUFT 1, C4<0000011>, C4<0>, C4<0>, C4<0>;
v0x55fae675ee90_0 .net/2u *"_ivl_44", 6 0, L_0x7f035607b258;  1 drivers
v0x55fae675ef70_0 .net *"_ivl_49", 6 0, L_0x55fae6767c30;  1 drivers
L_0x7f035607b2a0 .functor BUFT 1, C4<0100011>, C4<0>, C4<0>, C4<0>;
v0x55fae675f050_0 .net/2u *"_ivl_50", 6 0, L_0x7f035607b2a0;  1 drivers
v0x55fae675f130_0 .net *"_ivl_55", 6 0, L_0x55fae6767ee0;  1 drivers
L_0x7f035607b2e8 .functor BUFT 1, C4<1110011>, C4<0>, C4<0>, C4<0>;
v0x55fae675f210_0 .net/2u *"_ivl_56", 6 0, L_0x7f035607b2e8;  1 drivers
v0x55fae675f2f0_0 .net *"_ivl_61", 0 0, L_0x55fae6767e40;  1 drivers
v0x55fae675f3d0_0 .net *"_ivl_63", 18 0, L_0x55fae67681a0;  1 drivers
L_0x7f035607b330 .functor BUFT 1, C4<000000000000>, C4<0>, C4<0>, C4<0>;
v0x55fae675f4b0_0 .net/2u *"_ivl_64", 11 0, L_0x7f035607b330;  1 drivers
v0x55fae675f590_0 .net *"_ivl_69", 0 0, L_0x55fae67784d0;  1 drivers
v0x55fae675f670_0 .net *"_ivl_7", 6 0, L_0x55fae6766ac0;  1 drivers
v0x55fae675f750_0 .net *"_ivl_70", 20 0, L_0x55fae6778640;  1 drivers
v0x55fae675f830_0 .net *"_ivl_73", 10 0, L_0x55fae6778840;  1 drivers
v0x55fae675f910_0 .net *"_ivl_77", 0 0, L_0x55fae6778ab0;  1 drivers
v0x55fae675f9f0_0 .net *"_ivl_78", 20 0, L_0x55fae6778c40;  1 drivers
L_0x7f035607b0a8 .functor BUFT 1, C4<0010011>, C4<0>, C4<0>, C4<0>;
v0x55fae675fad0_0 .net/2u *"_ivl_8", 6 0, L_0x7f035607b0a8;  1 drivers
v0x55fae675fbb0_0 .net *"_ivl_81", 5 0, L_0x55fae6779000;  1 drivers
v0x55fae675fc90_0 .net *"_ivl_83", 4 0, L_0x55fae67793b0;  1 drivers
v0x55fae675fd70_0 .net *"_ivl_87", 0 0, L_0x55fae6779730;  1 drivers
v0x55fae675fe50_0 .net *"_ivl_88", 19 0, L_0x55fae67797d0;  1 drivers
v0x55fae675ff30_0 .net *"_ivl_91", 0 0, L_0x55fae6779bf0;  1 drivers
v0x55fae6760010_0 .net *"_ivl_93", 5 0, L_0x55fae6779c90;  1 drivers
v0x55fae67600f0_0 .net *"_ivl_95", 3 0, L_0x55fae6779ad0;  1 drivers
L_0x7f035607b378 .functor BUFT 1, C4<0>, C4<0>, C4<0>, C4<0>;
v0x55fae67601d0_0 .net/2u *"_ivl_96", 0 0, L_0x7f035607b378;  1 drivers
v0x55fae67602b0_0 .net "aluIn1", 31 0, L_0x55fae673ed80;  1 drivers
v0x55fae6760390_0 .net "aluIn2", 31 0, L_0x55fae677b2b0;  1 drivers
v0x55fae6760470_0 .net "aluMinus", 32 0, L_0x55fae677c280;  1 drivers
v0x55fae6760550_0 .var "aluOut", 31 0;
v0x55fae6760630_0 .net "aluPlus", 31 0, L_0x55fae677ba10;  1 drivers
v0x55fae6760710_0 .net "clk", 0 0, L_0x55fae678c5c0;  alias, 1 drivers
v0x55fae67607d0_0 .net "funct3", 2 0, L_0x55fae677aeb0;  1 drivers
v0x55fae67608b0_0 .net "funct7", 6 0, L_0x55fae677b0e0;  1 drivers
v0x55fae6760990_0 .var/i "i", 31 0;
v0x55fae6760a70_0 .var "instr", 31 0;
v0x55fae6760b50_0 .net "isALUimm", 0 0, L_0x55fae6766bb0;  1 drivers
v0x55fae6760c10_0 .net "isALUreg", 0 0, L_0x55fae6766950;  1 drivers
v0x55fae6760cd0_0 .net "isAUIPC", 0 0, L_0x55fae67674b0;  1 drivers
v0x55fae6760d90_0 .net "isBranch", 0 0, L_0x55fae6766df0;  1 drivers
v0x55fae6760e50_0 .net "isJAL", 0 0, L_0x55fae6767270;  1 drivers
v0x55fae6760f10_0 .net "isJALR", 0 0, L_0x55fae6767040;  1 drivers
v0x55fae6760fd0_0 .net "isLUI", 0 0, L_0x55fae67676e0;  1 drivers
v0x55fae6761090_0 .net "isLoad", 0 0, L_0x55fae6767a80;  1 drivers
v0x55fae6761150_0 .net "isSYSTEM", 0 0, L_0x55fae6767f80;  1 drivers
v0x55fae6761210_0 .net "isStore", 0 0, L_0x55fae6767cd0;  1 drivers
v0x55fae67612d0_0 .net "leftshift", 31 0, L_0x55fae677e840;  1 drivers
v0x55fae67613b0_0 .net "loadstore_addr", 31 0, L_0x55fae67812c0;  1 drivers
v0x55fae6761490_0 .net "mem_addr", 31 0, L_0x55fae6789dd0;  alias, 1 drivers
v0x55fae6761570_0 .net "mem_byteAccess", 0 0, L_0x55fae6781800;  1 drivers
v0x55fae6761630_0 .net "mem_halfwordAccess", 0 0, L_0x55fae6781ce0;  1 drivers
v0x55fae67616f0_0 .net "mem_rdata", 31 0, L_0x55fae678c480;  alias, 1 drivers
v0x55fae67617d0_0 .net "mem_rstrb", 0 0, L_0x55fae678a440;  alias, 1 drivers
v0x55fae6761890_0 .net "mem_wdata", 31 0, L_0x55fae6787390;  alias, 1 drivers
v0x55fae6761970_0 .net "mem_wmask", 3 0, L_0x55fae67897f0;  alias, 1 drivers
v0x55fae6761a50_0 .net "nextPC", 31 0, L_0x55fae6780d60;  1 drivers
v0x55fae6761b30_0 .net "rdId", 4 0, L_0x55fae677ae10;  1 drivers
v0x55fae6761c10_0 .net "resetn", 0 0, L_0x55fae678c6c0;  alias, 1 drivers
v0x55fae6761cd0_0 .var "rs1", 31 0;
v0x55fae6761db0_0 .net "rs1Id", 4 0, L_0x55fae677ab50;  1 drivers
v0x55fae6761e90_0 .var "rs2", 31 0;
v0x55fae6761f70_0 .net "rs2Id", 4 0, L_0x55fae677abf0;  1 drivers
v0x55fae6762050_0 .net "shamt", 4 0, L_0x55fae677b8d0;  1 drivers
v0x55fae6762130_0 .net "shifter", 31 0, L_0x55fae677e750;  1 drivers
v0x55fae6762210_0 .net "shifter_in", 31 0, L_0x55fae677d980;  1 drivers
v0x55fae67622f0_0 .var "state", 2 0;
v0x55fae67623d0_0 .var "takeBranch", 0 0;
v0x55fae6762490_0 .net "writeBackData", 31 0, L_0x55fae67801a0;  1 drivers
v0x55fae6762570_0 .net "writeBackEn", 0 0, L_0x55fae67896e0;  1 drivers
E_0x55fae66adb80 .event posedge, v0x55fae6760710_0;
E_0x55fae66adde0 .event edge, v0x55fae67607d0_0, v0x55fae673ef20_0, v0x55fae6755a60_0, v0x55fae6755b20_0;
E_0x55fae6695660/0 .event edge, v0x55fae67607d0_0, v0x55fae67608b0_0, v0x55fae6760a70_0, v0x55fae6760470_0;
E_0x55fae6695660/1 .event edge, v0x55fae6760630_0, v0x55fae67612d0_0, v0x55fae6755a60_0, v0x55fae6755b20_0;
E_0x55fae6695660/2 .event edge, v0x55fae67602b0_0, v0x55fae6760390_0, v0x55fae6762130_0;
E_0x55fae6695660 .event/or E_0x55fae6695660/0, E_0x55fae6695660/1, E_0x55fae6695660/2;
L_0x55fae6766880 .part v0x55fae6760a70_0, 0, 7;
L_0x55fae6766950 .cmp/eq 7, L_0x55fae6766880, L_0x7f035607b060;
L_0x55fae6766ac0 .part v0x55fae6760a70_0, 0, 7;
L_0x55fae6766bb0 .cmp/eq 7, L_0x55fae6766ac0, L_0x7f035607b0a8;
L_0x55fae6766d50 .part v0x55fae6760a70_0, 0, 7;
L_0x55fae6766df0 .cmp/eq 7, L_0x55fae6766d50, L_0x7f035607b0f0;
L_0x55fae6766fa0 .part v0x55fae6760a70_0, 0, 7;
L_0x55fae6767040 .cmp/eq 7, L_0x55fae6766fa0, L_0x7f035607b138;
L_0x55fae67671d0 .part v0x55fae6760a70_0, 0, 7;
L_0x55fae6767270 .cmp/eq 7, L_0x55fae67671d0, L_0x7f035607b180;
L_0x55fae6767410 .part v0x55fae6760a70_0, 0, 7;
L_0x55fae67674b0 .cmp/eq 7, L_0x55fae6767410, L_0x7f035607b1c8;
L_0x55fae6767640 .part v0x55fae6760a70_0, 0, 7;
L_0x55fae67676e0 .cmp/eq 7, L_0x55fae6767640, L_0x7f035607b210;
L_0x55fae67678d0 .part v0x55fae6760a70_0, 0, 7;
L_0x55fae6767a80 .cmp/eq 7, L_0x55fae67678d0, L_0x7f035607b258;
L_0x55fae6767c30 .part v0x55fae6760a70_0, 0, 7;
L_0x55fae6767cd0 .cmp/eq 7, L_0x55fae6767c30, L_0x7f035607b2a0;
L_0x55fae6767ee0 .part v0x55fae6760a70_0, 0, 7;
L_0x55fae6767f80 .cmp/eq 7, L_0x55fae6767ee0, L_0x7f035607b2e8;
L_0x55fae6767e40 .part v0x55fae6760a70_0, 31, 1;
L_0x55fae67681a0 .part v0x55fae6760a70_0, 12, 19;
L_0x55fae6778310 .concat [ 12 19 1 0], L_0x7f035607b330, L_0x55fae67681a0, L_0x55fae6767e40;
L_0x55fae67784d0 .part v0x55fae6760a70_0, 31, 1;
LS_0x55fae6778640_0_0 .concat [ 1 1 1 1], L_0x55fae67784d0, L_0x55fae67784d0, L_0x55fae67784d0, L_0x55fae67784d0;
LS_0x55fae6778640_0_4 .concat [ 1 1 1 1], L_0x55fae67784d0, L_0x55fae67784d0, L_0x55fae67784d0, L_0x55fae67784d0;
LS_0x55fae6778640_0_8 .concat [ 1 1 1 1], L_0x55fae67784d0, L_0x55fae67784d0, L_0x55fae67784d0, L_0x55fae67784d0;
LS_0x55fae6778640_0_12 .concat [ 1 1 1 1], L_0x55fae67784d0, L_0x55fae67784d0, L_0x55fae67784d0, L_0x55fae67784d0;
LS_0x55fae6778640_0_16 .concat [ 1 1 1 1], L_0x55fae67784d0, L_0x55fae67784d0, L_0x55fae67784d0, L_0x55fae67784d0;
LS_0x55fae6778640_0_20 .concat [ 1 0 0 0], L_0x55fae67784d0;
LS_0x55fae6778640_1_0 .concat [ 4 4 4 4], LS_0x55fae6778640_0_0, LS_0x55fae6778640_0_4, LS_0x55fae6778640_0_8, LS_0x55fae6778640_0_12;
LS_0x55fae6778640_1_4 .concat [ 4 1 0 0], LS_0x55fae6778640_0_16, LS_0x55fae6778640_0_20;
L_0x55fae6778640 .concat [ 16 5 0 0], LS_0x55fae6778640_1_0, LS_0x55fae6778640_1_4;
L_0x55fae6778840 .part v0x55fae6760a70_0, 20, 11;
L_0x55fae67789c0 .concat [ 11 21 0 0], L_0x55fae6778840, L_0x55fae6778640;
L_0x55fae6778ab0 .part v0x55fae6760a70_0, 31, 1;
LS_0x55fae6778c40_0_0 .concat [ 1 1 1 1], L_0x55fae6778ab0, L_0x55fae6778ab0, L_0x55fae6778ab0, L_0x55fae6778ab0;
LS_0x55fae6778c40_0_4 .concat [ 1 1 1 1], L_0x55fae6778ab0, L_0x55fae6778ab0, L_0x55fae6778ab0, L_0x55fae6778ab0;
LS_0x55fae6778c40_0_8 .concat [ 1 1 1 1], L_0x55fae6778ab0, L_0x55fae6778ab0, L_0x55fae6778ab0, L_0x55fae6778ab0;
LS_0x55fae6778c40_0_12 .concat [ 1 1 1 1], L_0x55fae6778ab0, L_0x55fae6778ab0, L_0x55fae6778ab0, L_0x55fae6778ab0;
LS_0x55fae6778c40_0_16 .concat [ 1 1 1 1], L_0x55fae6778ab0, L_0x55fae6778ab0, L_0x55fae6778ab0, L_0x55fae6778ab0;
LS_0x55fae6778c40_0_20 .concat [ 1 0 0 0], L_0x55fae6778ab0;
LS_0x55fae6778c40_1_0 .concat [ 4 4 4 4], LS_0x55fae6778c40_0_0, LS_0x55fae6778c40_0_4, LS_0x55fae6778c40_0_8, LS_0x55fae6778c40_0_12;
LS_0x55fae6778c40_1_4 .concat [ 4 1 0 0], LS_0x55fae6778c40_0_16, LS_0x55fae6778c40_0_20;
L_0x55fae6778c40 .concat [ 16 5 0 0], LS_0x55fae6778c40_1_0, LS_0x55fae6778c40_1_4;
L_0x55fae6779000 .part v0x55fae6760a70_0, 25, 6;
L_0x55fae67793b0 .part v0x55fae6760a70_0, 7, 5;
L_0x55fae6779480 .concat [ 5 6 21 0], L_0x55fae67793b0, L_0x55fae6779000, L_0x55fae6778c40;
L_0x55fae6779730 .part v0x55fae6760a70_0, 31, 1;
LS_0x55fae67797d0_0_0 .concat [ 1 1 1 1], L_0x55fae6779730, L_0x55fae6779730, L_0x55fae6779730, L_0x55fae6779730;
LS_0x55fae67797d0_0_4 .concat [ 1 1 1 1], L_0x55fae6779730, L_0x55fae6779730, L_0x55fae6779730, L_0x55fae6779730;
LS_0x55fae67797d0_0_8 .concat [ 1 1 1 1], L_0x55fae6779730, L_0x55fae6779730, L_0x55fae6779730, L_0x55fae6779730;
LS_0x55fae67797d0_0_12 .concat [ 1 1 1 1], L_0x55fae6779730, L_0x55fae6779730, L_0x55fae6779730, L_0x55fae6779730;
LS_0x55fae67797d0_0_16 .concat [ 1 1 1 1], L_0x55fae6779730, L_0x55fae6779730, L_0x55fae6779730, L_0x55fae6779730;
LS_0x55fae67797d0_1_0 .concat [ 4 4 4 4], LS_0x55fae67797d0_0_0, LS_0x55fae67797d0_0_4, LS_0x55fae67797d0_0_8, LS_0x55fae67797d0_0_12;
LS_0x55fae67797d0_1_4 .concat [ 4 0 0 0], LS_0x55fae67797d0_0_16;
L_0x55fae67797d0 .concat [ 16 4 0 0], LS_0x55fae67797d0_1_0, LS_0x55fae67797d0_1_4;
L_0x55fae6779bf0 .part v0x55fae6760a70_0, 7, 1;
L_0x55fae6779c90 .part v0x55fae6760a70_0, 25, 6;
L_0x55fae6779ad0 .part v0x55fae6760a70_0, 8, 4;
LS_0x55fae6779e60_0_0 .concat [ 1 4 6 1], L_0x7f035607b378, L_0x55fae6779ad0, L_0x55fae6779c90, L_0x55fae6779bf0;
LS_0x55fae6779e60_0_4 .concat [ 20 0 0 0], L_0x55fae67797d0;
L_0x55fae6779e60 .concat [ 12 20 0 0], LS_0x55fae6779e60_0_0, LS_0x55fae6779e60_0_4;
L_0x55fae677a1b0 .part v0x55fae6760a70_0, 31, 1;
LS_0x55fae677a250_0_0 .concat [ 1 1 1 1], L_0x55fae677a1b0, L_0x55fae677a1b0, L_0x55fae677a1b0, L_0x55fae677a1b0;
LS_0x55fae677a250_0_4 .concat [ 1 1 1 1], L_0x55fae677a1b0, L_0x55fae677a1b0, L_0x55fae677a1b0, L_0x55fae677a1b0;
LS_0x55fae677a250_0_8 .concat [ 1 1 1 1], L_0x55fae677a1b0, L_0x55fae677a1b0, L_0x55fae677a1b0, L_0x55fae677a1b0;
L_0x55fae677a250 .concat [ 4 4 4 0], LS_0x55fae677a250_0_0, LS_0x55fae677a250_0_4, LS_0x55fae677a250_0_8;
L_0x55fae677a490 .part v0x55fae6760a70_0, 12, 8;
L_0x55fae677a530 .part v0x55fae6760a70_0, 20, 1;
L_0x55fae677a730 .part v0x55fae6760a70_0, 21, 10;
LS_0x55fae677a7d0_0_0 .concat [ 1 10 1 8], L_0x7f035607b3c0, L_0x55fae677a730, L_0x55fae677a530, L_0x55fae677a490;
LS_0x55fae677a7d0_0_4 .concat [ 12 0 0 0], L_0x55fae677a250;
L_0x55fae677a7d0 .concat [ 20 12 0 0], LS_0x55fae677a7d0_0_0, LS_0x55fae677a7d0_0_4;
L_0x55fae677ab50 .part v0x55fae6760a70_0, 15, 5;
L_0x55fae677abf0 .part v0x55fae6760a70_0, 20, 5;
L_0x55fae677ae10 .part v0x55fae6760a70_0, 7, 5;
L_0x55fae677aeb0 .part v0x55fae6760a70_0, 12, 3;
L_0x55fae677b0e0 .part v0x55fae6760a70_0, 25, 7;
L_0x55fae677b2b0 .functor MUXZ 32, L_0x55fae67789c0, v0x55fae6761e90_0, L_0x55fae673a7e0, C4<>;
L_0x55fae677b590 .part v0x55fae6761e90_0, 0, 5;
L_0x55fae677b680 .part v0x55fae6760a70_0, 20, 5;
L_0x55fae677b8d0 .functor MUXZ 5, L_0x55fae677b680, L_0x55fae677b590, L_0x55fae6766950, C4<>;
L_0x55fae677ba10 .arith/sum 32, L_0x55fae673ed80, L_0x55fae677b2b0;
L_0x55fae677bd10 .concat [ 32 1 0 0], L_0x55fae6736530, L_0x7f035607b408;
L_0x55fae677be50 .concat [ 32 1 0 0], L_0x55fae673ed80, L_0x7f035607b450;
L_0x55fae677c110 .arith/sum 33, L_0x55fae677bd10, L_0x55fae677be50;
L_0x55fae677c280 .arith/sum 33, L_0x55fae677c110, L_0x7f035607b498;
L_0x55fae677c5a0 .part L_0x55fae673ed80, 31, 1;
L_0x55fae677c640 .part L_0x55fae677b2b0, 31, 1;
L_0x55fae677c930 .part L_0x55fae673ed80, 31, 1;
L_0x55fae677c9d0 .part L_0x55fae677c280, 32, 1;
L_0x55fae677ccc0 .functor MUXZ 1, L_0x55fae677c9d0, L_0x55fae677c930, L_0x55fae66b7030, C4<>;
L_0x55fae677ce50 .part L_0x55fae677c280, 32, 1;
L_0x55fae677d100 .part L_0x55fae677c280, 0, 32;
L_0x55fae677d230 .cmp/eq 32, L_0x55fae677d100, L_0x7f035607b4e0;
L_0x55fae677d570 .cmp/eq 3, L_0x55fae677aeb0, L_0x7f035607b528;
L_0x55fae677d6b0 .ufunc/vec4 TD_bench.uut.CPU.flip32, 32, L_0x55fae673ed80 (v0x55fae66b2170_0) S_0x55fae67069e0;
L_0x55fae677d980 .functor MUXZ 32, L_0x55fae673ed80, L_0x55fae677d6b0, L_0x55fae677d570, C4<>;
L_0x55fae677dac0 .part v0x55fae6760a70_0, 30, 1;
L_0x55fae677dda0 .part L_0x55fae673ed80, 31, 1;
L_0x55fae677df80 .concat [ 32 1 0 0], L_0x55fae677d980, L_0x55fae677de40;
L_0x55fae677e310 .part L_0x55fae677b2b0, 0, 5;
L_0x55fae677e3b0 .shift/rs 33, L_0x55fae677df80, L_0x55fae677e310;
L_0x55fae677e750 .part L_0x55fae677e3b0, 0, 32;
L_0x55fae677e840 .ufunc/vec4 TD_bench.uut.CPU.flip32, 32, L_0x55fae677e750 (v0x55fae66b2170_0) S_0x55fae67069e0;
L_0x55fae677eba0 .part v0x55fae6760a70_0, 3, 1;
L_0x55fae677ec40 .part v0x55fae6760a70_0, 4, 1;
L_0x55fae677ef60 .functor MUXZ 32, L_0x55fae6779e60, L_0x55fae6778310, L_0x55fae677ec40, C4<>;
L_0x55fae677f0f0 .functor MUXZ 32, L_0x55fae677ef60, L_0x55fae677a7d0, L_0x55fae677eba0, C4<>;
L_0x55fae677f510 .arith/sum 32, v0x55fae6755be0_0, L_0x55fae677f0f0;
L_0x55fae677f670 .arith/sum 32, v0x55fae6755be0_0, L_0x7f035607b570;
L_0x55fae677fb30 .functor MUXZ 32, v0x55fae6760550_0, L_0x55fae67856f0, L_0x55fae6767a80, C4<>;
L_0x55fae677fc20 .functor MUXZ 32, L_0x55fae677fb30, L_0x55fae677f510, L_0x55fae67674b0, C4<>;
L_0x55fae6780060 .functor MUXZ 32, L_0x55fae677fc20, L_0x55fae6778310, L_0x55fae67676e0, C4<>;
L_0x55fae67801a0 .functor MUXZ 32, L_0x55fae6780060, L_0x55fae677f670, L_0x55fae677f5b0, C4<>;
L_0x55fae6780770 .part L_0x55fae677ba10, 1, 31;
L_0x55fae6780860 .concat [ 1 31 0 0], L_0x7f035607b5b8, L_0x55fae6780770;
L_0x55fae6780c70 .functor MUXZ 32, L_0x55fae677f670, L_0x55fae6780860, L_0x55fae6767040, C4<>;
L_0x55fae6780d60 .functor MUXZ 32, L_0x55fae6780c70, L_0x55fae677f510, L_0x55fae6780660, C4<>;
L_0x55fae6781180 .functor MUXZ 32, L_0x55fae67789c0, L_0x55fae6779480, L_0x55fae6767cd0, C4<>;
L_0x55fae67812c0 .arith/sum 32, v0x55fae6761cd0_0, L_0x55fae6781180;
L_0x55fae6781760 .part L_0x55fae677aeb0, 0, 2;
L_0x55fae6781800 .cmp/eq 2, L_0x55fae6781760, L_0x7f035607b600;
L_0x55fae6781c40 .part L_0x55fae677aeb0, 0, 2;
L_0x55fae6781ce0 .cmp/eq 2, L_0x55fae6781c40, L_0x7f035607b648;
L_0x55fae67820e0 .part L_0x55fae67812c0, 1, 1;
L_0x55fae67821d0 .part L_0x55fae678c480, 16, 16;
L_0x55fae67825e0 .part L_0x55fae678c480, 0, 16;
L_0x55fae6782680 .functor MUXZ 16, L_0x55fae67825e0, L_0x55fae67821d0, L_0x55fae67820e0, C4<>;
L_0x55fae6782b40 .part L_0x55fae67812c0, 0, 1;
L_0x55fae6782be0 .part L_0x55fae6782680, 8, 8;
L_0x55fae6783010 .part L_0x55fae6782680, 0, 8;
L_0x55fae67830b0 .functor MUXZ 8, L_0x55fae6783010, L_0x55fae6782be0, L_0x55fae6782b40, C4<>;
L_0x55fae6783590 .part L_0x55fae677aeb0, 2, 1;
L_0x55fae6783630 .reduce/nor L_0x55fae6783590;
L_0x55fae6783a80 .part L_0x55fae67830b0, 7, 1;
L_0x55fae6783b70 .part L_0x55fae6782680, 15, 1;
L_0x55fae6784010 .functor MUXZ 1, L_0x55fae6783b70, L_0x55fae6783a80, L_0x55fae6781800, C4<>;
LS_0x55fae67841f0_0_0 .concat [ 1 1 1 1], L_0x55fae6781360, L_0x55fae6781360, L_0x55fae6781360, L_0x55fae6781360;
LS_0x55fae67841f0_0_4 .concat [ 1 1 1 1], L_0x55fae6781360, L_0x55fae6781360, L_0x55fae6781360, L_0x55fae6781360;
LS_0x55fae67841f0_0_8 .concat [ 1 1 1 1], L_0x55fae6781360, L_0x55fae6781360, L_0x55fae6781360, L_0x55fae6781360;
LS_0x55fae67841f0_0_12 .concat [ 1 1 1 1], L_0x55fae6781360, L_0x55fae6781360, L_0x55fae6781360, L_0x55fae6781360;
LS_0x55fae67841f0_0_16 .concat [ 1 1 1 1], L_0x55fae6781360, L_0x55fae6781360, L_0x55fae6781360, L_0x55fae6781360;
LS_0x55fae67841f0_0_20 .concat [ 1 1 1 1], L_0x55fae6781360, L_0x55fae6781360, L_0x55fae6781360, L_0x55fae6781360;
LS_0x55fae67841f0_1_0 .concat [ 4 4 4 4], LS_0x55fae67841f0_0_0, LS_0x55fae67841f0_0_4, LS_0x55fae67841f0_0_8, LS_0x55fae67841f0_0_12;
LS_0x55fae67841f0_1_4 .concat [ 4 4 0 0], LS_0x55fae67841f0_0_16, LS_0x55fae67841f0_0_20;
L_0x55fae67841f0 .concat [ 16 8 0 0], LS_0x55fae67841f0_1_0, LS_0x55fae67841f0_1_4;
L_0x55fae6784800 .concat [ 8 24 0 0], L_0x55fae67830b0, L_0x55fae67841f0;
LS_0x55fae67848a0_0_0 .concat [ 1 1 1 1], L_0x55fae6781360, L_0x55fae6781360, L_0x55fae6781360, L_0x55fae6781360;
LS_0x55fae67848a0_0_4 .concat [ 1 1 1 1], L_0x55fae6781360, L_0x55fae6781360, L_0x55fae6781360, L_0x55fae6781360;
LS_0x55fae67848a0_0_8 .concat [ 1 1 1 1], L_0x55fae6781360, L_0x55fae6781360, L_0x55fae6781360, L_0x55fae6781360;
LS_0x55fae67848a0_0_12 .concat [ 1 1 1 1], L_0x55fae6781360, L_0x55fae6781360, L_0x55fae6781360, L_0x55fae6781360;
L_0x55fae67848a0 .concat [ 4 4 4 4], LS_0x55fae67848a0_0_0, LS_0x55fae67848a0_0_4, LS_0x55fae67848a0_0_8, LS_0x55fae67848a0_0_12;
L_0x55fae67850e0 .concat [ 16 16 0 0], L_0x55fae6782680, L_0x55fae67848a0;
L_0x55fae67851d0 .functor MUXZ 32, L_0x55fae678c480, L_0x55fae67850e0, L_0x55fae6781ce0, C4<>;
L_0x55fae67856f0 .functor MUXZ 32, L_0x55fae67851d0, L_0x55fae6784800, L_0x55fae6781800, C4<>;
L_0x55fae6785880 .part v0x55fae6761e90_0, 0, 8;
L_0x55fae6785cd0 .part L_0x55fae67812c0, 0, 1;
L_0x55fae6785e00 .part v0x55fae6761e90_0, 0, 8;
L_0x55fae67862f0 .part v0x55fae6761e90_0, 8, 8;
L_0x55fae6786390 .functor MUXZ 8, L_0x55fae67862f0, L_0x55fae6785e00, L_0x55fae6785cd0, C4<>;
L_0x55fae6786850 .part L_0x55fae67812c0, 1, 1;
L_0x55fae67868f0 .part v0x55fae6761e90_0, 0, 8;
L_0x55fae6786d70 .part v0x55fae6761e90_0, 16, 8;
L_0x55fae6786e10 .functor MUXZ 8, L_0x55fae6786d70, L_0x55fae67868f0, L_0x55fae6786850, C4<>;
L_0x55fae6787390 .concat8 [ 8 8 8 8], L_0x55fae6785880, L_0x55fae6786390, L_0x55fae6786e10, L_0x55fae6788600;
L_0x55fae6787520 .part L_0x55fae67812c0, 0, 1;
L_0x55fae67879c0 .part v0x55fae6761e90_0, 0, 8;
L_0x55fae6787a60 .part L_0x55fae67812c0, 1, 1;
L_0x55fae6787f10 .part v0x55fae6761e90_0, 8, 8;
L_0x55fae6787fb0 .part v0x55fae6761e90_0, 24, 8;
L_0x55fae6788470 .functor MUXZ 8, L_0x55fae6787fb0, L_0x55fae6787f10, L_0x55fae6787a60, C4<>;
L_0x55fae6788600 .functor MUXZ 8, L_0x55fae6788470, L_0x55fae67879c0, L_0x55fae6787520, C4<>;
L_0x55fae6788190 .part L_0x55fae67812c0, 1, 1;
L_0x55fae6788340 .part L_0x55fae67812c0, 0, 1;
L_0x55fae6788ae0 .functor MUXZ 4, L_0x7f035607b6d8, L_0x7f035607b690, L_0x55fae6788340, C4<>;
L_0x55fae6788c20 .part L_0x55fae67812c0, 0, 1;
L_0x55fae67886a0 .functor MUXZ 4, L_0x7f035607b768, L_0x7f035607b720, L_0x55fae6788c20, C4<>;
L_0x55fae6788830 .functor MUXZ 4, L_0x55fae67886a0, L_0x55fae6788ae0, L_0x55fae6788190, C4<>;
L_0x55fae67889c0 .part L_0x55fae67812c0, 1, 1;
L_0x55fae6789120 .functor MUXZ 4, L_0x7f035607b7f8, L_0x7f035607b7b0, L_0x55fae67889c0, C4<>;
L_0x55fae6788d60 .functor MUXZ 4, L_0x7f035607b840, L_0x55fae6789120, L_0x55fae6781ce0, C4<>;
L_0x55fae6788ea0 .functor MUXZ 4, L_0x55fae6788d60, L_0x55fae6788830, L_0x55fae6781800, C4<>;
L_0x55fae6788f90 .concat [ 3 29 0 0], v0x55fae67622f0_0, L_0x7f035607b888;
L_0x55fae6789080 .cmp/eq 32, L_0x55fae6788f90, L_0x7f035607b8d0;
L_0x55fae67891c0 .reduce/nor L_0x55fae6766df0;
L_0x55fae6789380 .reduce/nor L_0x55fae6767cd0;
L_0x55fae67894e0 .concat [ 3 29 0 0], v0x55fae67622f0_0, L_0x7f035607b918;
L_0x55fae6789b80 .cmp/eq 32, L_0x55fae67894e0, L_0x7f035607b960;
L_0x55fae6789860 .concat [ 3 29 0 0], v0x55fae67622f0_0, L_0x7f035607b9a8;
L_0x55fae6789950 .cmp/eq 32, L_0x55fae6789860, L_0x7f035607b9f0;
L_0x55fae6789a90 .concat [ 3 29 0 0], v0x55fae67622f0_0, L_0x7f035607ba38;
L_0x55fae678a210 .cmp/eq 32, L_0x55fae6789a90, L_0x7f035607ba80;
L_0x55fae6789dd0 .functor MUXZ 32, L_0x55fae67812c0, v0x55fae6755be0_0, L_0x55fae6789cc0, C4<>;
L_0x55fae6789ec0 .concat [ 3 29 0 0], v0x55fae67622f0_0, L_0x7f035607bac8;
L_0x55fae6789fb0 .cmp/eq 32, L_0x55fae6789ec0, L_0x7f035607bb10;
L_0x55fae678a7e0 .concat [ 3 29 0 0], v0x55fae67622f0_0, L_0x7f035607bb58;
L_0x55fae678a300 .cmp/eq 32, L_0x55fae678a7e0, L_0x7f035607bba0;
L_0x55fae678a620 .concat [ 3 29 0 0], v0x55fae67622f0_0, L_0x7f035607bbe8;
L_0x55fae678a710 .cmp/eq 32, L_0x55fae678a620, L_0x7f035607bc30;
L_0x55fae678ae20 .concat [ 1 1 1 1], L_0x55fae678a710, L_0x55fae678a710, L_0x55fae678a710, L_0x55fae678a710;
S_0x55fae67069e0 .scope function.vec4.s32, "flip32" "flip32" 3 115, 3 115 0, S_0x55fae67051b0;
 .timescale 0 0;
; Variable flip32 is vec4 return value of scope S_0x55fae67069e0
v0x55fae66b2170_0 .var "x", 31 0;
TD_bench.uut.CPU.flip32 ;
    %load/vec4 v0x55fae66b2170_0;
    %parti/s 1, 0, 2;
    %load/vec4 v0x55fae66b2170_0;
    %parti/s 1, 1, 2;
    %concat/vec4; draw_concat_vec4
    %load/vec4 v0x55fae66b2170_0;
    %parti/s 1, 2, 3;
    %concat/vec4; draw_concat_vec4
    %load/vec4 v0x55fae66b2170_0;
    %parti/s 1, 3, 3;
    %concat/vec4; draw_concat_vec4
    %load/vec4 v0x55fae66b2170_0;
    %parti/s 1, 4, 4;
    %concat/vec4; draw_concat_vec4
    %load/vec4 v0x55fae66b2170_0;
    %parti/s 1, 5, 4;
    %concat/vec4; draw_concat_vec4
    %load/vec4 v0x55fae66b2170_0;
    %parti/s 1, 6, 4;
    %concat/vec4; draw_concat_vec4
    %load/vec4 v0x55fae66b2170_0;
    %parti/s 1, 7, 4;
    %concat/vec4; draw_concat_vec4
    %load/vec4 v0x55fae66b2170_0;
    %parti/s 1, 8, 5;
    %concat/vec4; draw_concat_vec4
    %load/vec4 v0x55fae66b2170_0;
    %parti/s 1, 9, 5;
    %concat/vec4; draw_concat_vec4
    %load/vec4 v0x55fae66b2170_0;
    %parti/s 1, 10, 5;
    %concat/vec4; draw_concat_vec4
    %load/vec4 v0x55fae66b2170_0;
    %parti/s 1, 11, 5;
    %concat/vec4; draw_concat_vec4
    %load/vec4 v0x55fae66b2170_0;
    %parti/s 1, 12, 5;
    %concat/vec4; draw_concat_vec4
    %load/vec4 v0x55fae66b2170_0;
    %parti/s 1, 13, 5;
    %concat/vec4; draw_concat_vec4
    %load/vec4 v0x55fae66b2170_0;
    %parti/s 1, 14, 5;
    %concat/vec4; draw_concat_vec4
    %load/vec4 v0x55fae66b2170_0;
    %parti/s 1, 15, 5;
    %concat/vec4; draw_concat_vec4
    %load/vec4 v0x55fae66b2170_0;
    %parti/s 1, 16, 6;
    %concat/vec4; draw_concat_vec4
    %load/vec4 v0x55fae66b2170_0;
    %parti/s 1, 17, 6;
    %concat/vec4; draw_concat_vec4
    %load/vec4 v0x55fae66b2170_0;
    %parti/s 1, 18, 6;
    %concat/vec4; draw_concat_vec4
    %load/vec4 v0x55fae66b2170_0;
    %parti/s 1, 19, 6;
    %concat/vec4; draw_concat_vec4
    %load/vec4 v0x55fae66b2170_0;
    %parti/s 1, 20, 6;
    %concat/vec4; draw_concat_vec4
    %load/vec4 v0x55fae66b2170_0;
    %parti/s 1, 21, 6;
    %concat/vec4; draw_concat_vec4
    %load/vec4 v0x55fae66b2170_0;
    %parti/s 1, 22, 6;
    %concat/vec4; draw_concat_vec4
    %load/vec4 v0x55fae66b2170_0;
    %parti/s 1, 23, 6;
    %concat/vec4; draw_concat_vec4
    %load/vec4 v0x55fae66b2170_0;
    %parti/s 1, 24, 6;
    %concat/vec4; draw_concat_vec4
    %load/vec4 v0x55fae66b2170_0;
    %parti/s 1, 25, 6;
    %concat/vec4; draw_concat_vec4
    %load/vec4 v0x55fae66b2170_0;
    %parti/s 1, 26, 6;
    %concat/vec4; draw_concat_vec4
    %load/vec4 v0x55fae66b2170_0;
    %parti/s 1, 27, 6;
    %concat/vec4; draw_concat_vec4
    %load/vec4 v0x55fae66b2170_0;
    %parti/s 1, 28, 6;
    %concat/vec4; draw_concat_vec4
    %load/vec4 v0x55fae66b2170_0;
    %parti/s 1, 29, 6;
    %concat/vec4; draw_concat_vec4
    %load/vec4 v0x55fae66b2170_0;
    %parti/s 1, 30, 6;
    %concat/vec4; draw_concat_vec4
    %load/vec4 v0x55fae66b2170_0;
    %parti/s 1, 31, 6;
    %concat/vec4; draw_concat_vec4
    %ret/vec4 0, 0, 32;  Assign to flip32 (store_vec4_to_lval)
    %end;
S_0x55fae670ead0 .scope module, "CW" "Clockworks" 3 402, 4 25 0, S_0x55fae673d0c0;
 .timescale 0 0;
    .port_info 0 /INPUT 1 "CLK";
    .port_info 1 /INPUT 1 "RESET";
    .port_info 2 /OUTPUT 1 "clk";
    .port_info 3 /OUTPUT 1 "resetn";
P_0x55fae6762730 .param/l "SLOW" 0 4 33, +C4<00000000000000000000000000000000>;
v0x55fae6762f50_0 .net "CLK", 0 0, v0x55fae6766360_0;  alias, 1 drivers
v0x55fae6763010_0 .net "RESET", 0 0, L_0x7f035607b018;  alias, 1 drivers
v0x55fae67630b0_0 .net "clk", 0 0, L_0x55fae678c5c0;  alias, 1 drivers
v0x55fae67631a0_0 .net "resetn", 0 0, L_0x55fae678c6c0;  alias, 1 drivers
S_0x55fae67627d0 .scope generate, "genblk2" "genblk2" 4 44, 4 44 0, S_0x55fae670ead0;
 .timescale 0 0;
v0x55fae6762e70_0 .var "reset_cnt", 15 0;
E_0x55fae66ad930 .event posedge, v0x55fae6763010_0, v0x55fae6762d70_0;
L_0x55fae678c6c0 .reduce/and v0x55fae6762e70_0;
S_0x55fae67629f0 .scope module, "pll" "femtoPLL" 4 82, 5 16 0, S_0x55fae67627d0;
 .timescale 0 0;
    .port_info 0 /INPUT 1 "pclk";
    .port_info 1 /OUTPUT 1 "clk";
P_0x55fae6762bf0 .param/l "freq" 0 5 17, +C4<00000000000000000000000000001010>;
L_0x55fae678c5c0 .functor BUFZ 1, v0x55fae6766360_0, C4<0>, C4<0>, C4<0>;
v0x55fae6762cb0_0 .net "clk", 0 0, L_0x55fae678c5c0;  alias, 1 drivers
v0x55fae6762d70_0 .net "pclk", 0 0, v0x55fae6766360_0;  alias, 1 drivers
S_0x55fae6763280 .scope module, "RAM" "Memory" 3 346, 3 10 0, S_0x55fae673d0c0;
 .timescale 0 0;
    .port_info 0 /INPUT 1 "clk";
    .port_info 1 /INPUT 32 "mem_addr";
    .port_info 2 /OUTPUT 32 "mem_rdata";
    .port_info 3 /INPUT 1 "mem_rstrb";
    .port_info 4 /INPUT 32 "mem_wdata";
    .port_info 5 /INPUT 4 "mem_wmask";
v0x55fae6763540 .array "MEM", 1535 0, 31 0;
v0x55fae6763600_0 .net "clk", 0 0, L_0x55fae678c5c0;  alias, 1 drivers
v0x55fae67636c0_0 .net "mem_addr", 31 0, L_0x55fae6789dd0;  alias, 1 drivers
v0x55fae67637c0_0 .var "mem_rdata", 31 0;
v0x55fae6763860_0 .net "mem_rstrb", 0 0, L_0x55fae678acd0;  1 drivers
v0x55fae6763970_0 .net "mem_wdata", 31 0, L_0x55fae6787390;  alias, 1 drivers
v0x55fae6763a30_0 .net "mem_wmask", 3 0, L_0x55fae678b630;  1 drivers
v0x55fae6763af0_0 .net "word_addr", 29 0, L_0x55fae678ac30;  1 drivers
L_0x55fae678ac30 .part L_0x55fae6789dd0, 2, 30;
S_0x55fae6763cd0 .scope module, "UART" "corescore_emitter_uart" 3 375, 6 1 0, S_0x55fae673d0c0;
 .timescale 0 0;
    .port_info 0 /INPUT 1 "i_clk";
    .port_info 1 /INPUT 1 "i_rst";
    .port_info 2 /INPUT 8 "i_data";
    .port_info 3 /INPUT 1 "i_valid";
    .port_info 4 /OUTPUT 1 "o_ready";
    .port_info 5 /OUTPUT 1 "o_uart_tx";
P_0x55fae673f660 .param/l "START_VALUE" 1 6 14, +C4<0000000000000000000000000000000000000000000000000000000000001010>;
P_0x55fae673f6a0 .param/l "WIDTH" 1 6 16, +C4<00000000000000000000000000000100>;
P_0x55fae673f6e0 .param/l "baud_rate" 0 6 4, +C4<00000000000011110100001001000000>;
P_0x55fae673f720 .param/l "clk_freq_hz" 0 6 3, +C4<0000000000000000000000000000000000000000100110001001011010000000>;
L_0x55fae678bc70 .functor OR 1, L_0x55fae678b9f0, L_0x55fae678bb80, C4<0>, C4<0>;
v0x55fae6764190_0 .net *"_ivl_1", 0 0, L_0x55fae678b9f0;  1 drivers
v0x55fae6764290_0 .net *"_ivl_3", 0 0, L_0x55fae678ba90;  1 drivers
v0x55fae6764350_0 .net *"_ivl_5", 0 0, L_0x55fae678bb80;  1 drivers
v0x55fae6764420_0 .var "cnt", 4 0;
v0x55fae6764500_0 .var "data", 9 0;
v0x55fae6764630_0 .net "i_clk", 0 0, L_0x55fae678c5c0;  alias, 1 drivers
v0x55fae67646d0_0 .net "i_data", 7 0, L_0x55fae678be20;  1 drivers
v0x55fae67647b0_0 .net "i_rst", 0 0, L_0x55fae678bd80;  1 drivers
v0x55fae6764870_0 .net "i_valid", 0 0, L_0x55fae678b890;  alias, 1 drivers
v0x55fae6764930_0 .var "o_ready", 0 0;
v0x55fae67649f0_0 .net "o_uart_tx", 0 0, L_0x55fae678bc70;  alias, 1 drivers
L_0x55fae678b9f0 .part v0x55fae6764500_0, 0, 1;
L_0x55fae678ba90 .reduce/or v0x55fae6764500_0;
L_0x55fae678bb80 .reduce/nor L_0x55fae678ba90;
    .scope S_0x55fae67051b0;
T_1 ;
    %pushi/vec4 0, 0, 32;
    %store/vec4 v0x55fae6755be0_0, 0, 32;
    %pushi/vec4 0, 0, 3;
    %store/vec4 v0x55fae67622f0_0, 0, 3;
    %end;
    .thread T_1;
    .scope S_0x55fae67051b0;
T_2 ;
    %pushi/vec4 0, 0, 32;
    %store/vec4 v0x55fae6760990_0, 0, 32;
T_2.0 ;
    %load/vec4 v0x55fae6760990_0;
    %cmpi/s 32, 0, 32;
    %jmp/0xz T_2.1, 5;
    %pushi/vec4 0, 0, 32;
    %ix/getv/s 4, v0x55fae6760990_0;
    %store/vec4a v0x55fae6755e80, 4, 0;
    ; show_stmt_assign_vector: Get l-value for compressed += operand
    %load/vec4 v0x55fae6760990_0;
    %pushi/vec4 1, 0, 32;
    %add;
    %store/vec4 v0x55fae6760990_0, 0, 32;
    %jmp T_2.0;
T_2.1 ;
    %end;
    .thread T_2;
    .scope S_0x55fae67051b0;
T_3 ;
    %wait E_0x55fae6695660;
    %load/vec4 v0x55fae67607d0_0;
    %dup/vec4;
    %pushi/vec4 0, 0, 3;
    %cmp/u;
    %jmp/1 T_3.0, 6;
    %dup/vec4;
    %pushi/vec4 1, 0, 3;
    %cmp/u;
    %jmp/1 T_3.1, 6;
    %dup/vec4;
    %pushi/vec4 2, 0, 3;
    %cmp/u;
    %jmp/1 T_3.2, 6;
    %dup/vec4;
    %pushi/vec4 3, 0, 3;
    %cmp/u;
    %jmp/1 T_3.3, 6;
    %dup/vec4;
    %pushi/vec4 4, 0, 3;
    %cmp/u;
    %jmp/1 T_3.4, 6;
    %dup/vec4;
    %pushi/vec4 5, 0, 3;
    %cmp/u;
    %jmp/1 T_3.5, 6;
    %dup/vec4;
    %pushi/vec4 6, 0, 3;
    %cmp/u;
    %jmp/1 T_3.6, 6;
    %dup/vec4;
    %pushi/vec4 7, 0, 3;
    %cmp/u;
    %jmp/1 T_3.7, 6;
    %jmp T_3.8;
T_3.0 ;
    %load/vec4 v0x55fae67608b0_0;
    %parti/s 1, 5, 4;
    %load/vec4 v0x55fae6760a70_0;
    %parti/s 1, 5, 4;
    %and;
    %flag_set/vec4 8;
    %jmp/0 T_3.9, 8;
    %load/vec4 v0x55fae6760470_0;
    %parti/s 32, 0, 2;
    %jmp/1 T_3.10, 8;
T_3.9 ; End of true expr.
    %load/vec4 v0x55fae6760630_0;
    %jmp/0 T_3.10, 8;
 ; End of false expr.
    %blend;
T_3.10;
    %store/vec4 v0x55fae6760550_0, 0, 32;
    %jmp T_3.8;
T_3.1 ;
    %load/vec4 v0x55fae67612d0_0;
    %store/vec4 v0x55fae6760550_0, 0, 32;
    %jmp T_3.8;
T_3.2 ;
    %pushi/vec4 0, 0, 31;
    %load/vec4 v0x55fae6755a60_0;
    %concat/vec4; draw_concat_vec4
    %store/vec4 v0x55fae6760550_0, 0, 32;
    %jmp T_3.8;
T_3.3 ;
    %pushi/vec4 0, 0, 31;
    %load/vec4 v0x55fae6755b20_0;
    %concat/vec4; draw_concat_vec4
    %store/vec4 v0x55fae6760550_0, 0, 32;
    %jmp T_3.8;
T_3.4 ;
    %load/vec4 v0x55fae67602b0_0;
    %load/vec4 v0x55fae6760390_0;
    %xor;
    %store/vec4 v0x55fae6760550_0, 0, 32;
    %jmp T_3.8;
T_3.5 ;
    %load/vec4 v0x55fae6762130_0;
    %store/vec4 v0x55fae6760550_0, 0, 32;
    %jmp T_3.8;
T_3.6 ;
    %load/vec4 v0x55fae67602b0_0;
    %load/vec4 v0x55fae6760390_0;
    %or;
    %store/vec4 v0x55fae6760550_0, 0, 32;
    %jmp T_3.8;
T_3.7 ;
    %load/vec4 v0x55fae67602b0_0;
    %load/vec4 v0x55fae6760390_0;
    %and;
    %store/vec4 v0x55fae6760550_0, 0, 32;
    %jmp T_3.8;
T_3.8 ;
    %pop/vec4 1;
    %jmp T_3;
    .thread T_3, $push;
    .scope S_0x55fae67051b0;
T_4 ;
    %wait E_0x55fae66adde0;
    %load/vec4 v0x55fae67607d0_0;
    %dup/vec4;
    %pushi/vec4 0, 0, 3;
    %cmp/u;
    %jmp/1 T_4.0, 6;
    %dup/vec4;
    %pushi/vec4 1, 0, 3;
    %cmp/u;
    %jmp/1 T_4.1, 6;
    %dup/vec4;
    %pushi/vec4 4, 0, 3;
    %cmp/u;
    %jmp/1 T_4.2, 6;
    %dup/vec4;
    %pushi/vec4 5, 0, 3;
    %cmp/u;
    %jmp/1 T_4.3, 6;
    %dup/vec4;
    %pushi/vec4 6, 0, 3;
    %cmp/u;
    %jmp/1 T_4.4, 6;
    %dup/vec4;
    %pushi/vec4 7, 0, 3;
    %cmp/u;
    %jmp/1 T_4.5, 6;
    %pushi/vec4 0, 0, 1;
    %store/vec4 v0x55fae67623d0_0, 0, 1;
    %jmp T_4.7;
T_4.0 ;
    %load/vec4 v0x55fae673ef20_0;
    %store/vec4 v0x55fae67623d0_0, 0, 1;
    %jmp T_4.7;
T_4.1 ;
    %load/vec4 v0x55fae673ef20_0;
    %nor/r;
    %store/vec4 v0x55fae67623d0_0, 0, 1;
    %jmp T_4.7;
T_4.2 ;
    %load/vec4 v0x55fae6755a60_0;
    %store/vec4 v0x55fae67623d0_0, 0, 1;
    %jmp T_4.7;
T_4.3 ;
    %load/vec4 v0x55fae6755a60_0;
    %nor/r;
    %store/vec4 v0x55fae67623d0_0, 0, 1;
    %jmp T_4.7;
T_4.4 ;
    %load/vec4 v0x55fae6755b20_0;
    %store/vec4 v0x55fae67623d0_0, 0, 1;
    %jmp T_4.7;
T_4.5 ;
    %load/vec4 v0x55fae6755b20_0;
    %nor/r;
    %store/vec4 v0x55fae67623d0_0, 0, 1;
    %jmp T_4.7;
T_4.7 ;
    %pop/vec4 1;
    %jmp T_4;
    .thread T_4, $push;
    .scope S_0x55fae67051b0;
T_5 ;
    %wait E_0x55fae66adb80;
    %load/vec4 v0x55fae6761c10_0;
    %nor/r;
    %flag_set/vec4 8;
    %jmp/0xz  T_5.0, 8;
    %pushi/vec4 0, 0, 32;
    %assign/vec4 v0x55fae6755be0_0, 0;
    %pushi/vec4 0, 0, 3;
    %assign/vec4 v0x55fae67622f0_0, 0;
    %jmp T_5.1;
T_5.0 ;
    %load/vec4 v0x55fae6762570_0;
    %load/vec4 v0x55fae6761b30_0;
    %pad/u 32;
    %pushi/vec4 0, 0, 32;
    %cmp/ne;
    %flag_get/vec4 4;
    %and;
    %flag_set/vec4 8;
    %jmp/0xz  T_5.2, 8;
    %load/vec4 v0x55fae6762490_0;
    %load/vec4 v0x55fae6761b30_0;
    %pad/u 7;
    %ix/vec4 3;
    %ix/load 4, 0, 0; Constant delay
    %assign/vec4/a/d v0x55fae6755e80, 0, 4;
T_5.2 ;
    %load/vec4 v0x55fae67622f0_0;
    %dup/vec4;
    %pushi/vec4 0, 0, 3;
    %cmp/u;
    %jmp/1 T_5.4, 6;
    %dup/vec4;
    %pushi/vec4 1, 0, 3;
    %cmp/u;
    %jmp/1 T_5.5, 6;
    %dup/vec4;
    %pushi/vec4 2, 0, 3;
    %cmp/u;
    %jmp/1 T_5.6, 6;
    %dup/vec4;
    %pushi/vec4 3, 0, 3;
    %cmp/u;
    %jmp/1 T_5.7, 6;
    %dup/vec4;
    %pushi/vec4 4, 0, 3;
    %cmp/u;
    %jmp/1 T_5.8, 6;
    %dup/vec4;
    %pushi/vec4 5, 0, 3;
    %cmp/u;
    %jmp/1 T_5.9, 6;
    %dup/vec4;
    %pushi/vec4 6, 0, 3;
    %cmp/u;
    %jmp/1 T_5.10, 6;
    %jmp T_5.11;
T_5.4 ;
    %pushi/vec4 1, 0, 3;
    %assign/vec4 v0x55fae67622f0_0, 0;
    %jmp T_5.11;
T_5.5 ;
    %load/vec4 v0x55fae67616f0_0;
    %assign/vec4 v0x55fae6760a70_0, 0;
    %pushi/vec4 2, 0, 3;
    %assign/vec4 v0x55fae67622f0_0, 0;
    %jmp T_5.11;
T_5.6 ;
    %load/vec4 v0x55fae6761db0_0;
    %pad/u 7;
    %ix/vec4 4;
    %load/vec4a v0x55fae6755e80, 4;
    %assign/vec4 v0x55fae6761cd0_0, 0;
    %load/vec4 v0x55fae6761f70_0;
    %pad/u 7;
    %ix/vec4 4;
    %load/vec4a v0x55fae6755e80, 4;
    %assign/vec4 v0x55fae6761e90_0, 0;
    %pushi/vec4 3, 0, 3;
    %assign/vec4 v0x55fae67622f0_0, 0;
    %jmp T_5.11;
T_5.7 ;
    %load/vec4 v0x55fae6761150_0;
    %nor/r;
    %flag_set/vec4 8;
    %jmp/0xz  T_5.12, 8;
    %load/vec4 v0x55fae6761a50_0;
    %assign/vec4 v0x55fae6755be0_0, 0;
T_5.12 ;
    %load/vec4 v0x55fae6761090_0;
    %flag_set/vec4 8;
    %jmp/0 T_5.14, 8;
    %pushi/vec4 4, 0, 32;
    %jmp/1 T_5.15, 8;
T_5.14 ; End of true expr.
    %load/vec4 v0x55fae6761210_0;
    %flag_set/vec4 9;
    %jmp/0 T_5.16, 9;
    %pushi/vec4 6, 0, 32;
    %jmp/1 T_5.17, 9;
T_5.16 ; End of true expr.
    %pushi/vec4 0, 0, 32;
    %jmp/0 T_5.17, 9;
 ; End of false expr.
    %blend;
T_5.17;
    %jmp/0 T_5.15, 8;
 ; End of false expr.
    %blend;
T_5.15;
    %pad/s 3;
    %assign/vec4 v0x55fae67622f0_0, 0;
    %load/vec4 v0x55fae6761150_0;
    %flag_set/vec4 8;
    %jmp/0xz  T_5.18, 8;
    %vpi_call 3 286 "$finish" {0 0 0};
T_5.18 ;
    %jmp T_5.11;
T_5.8 ;
    %pushi/vec4 5, 0, 3;
    %assign/vec4 v0x55fae67622f0_0, 0;
    %jmp T_5.11;
T_5.9 ;
    %pushi/vec4 0, 0, 3;
    %assign/vec4 v0x55fae67622f0_0, 0;
    %jmp T_5.11;
T_5.10 ;
    %pushi/vec4 0, 0, 3;
    %assign/vec4 v0x55fae67622f0_0, 0;
    %jmp T_5.11;
T_5.11 ;
    %pop/vec4 1;
T_5.1 ;
    %jmp T_5;
    .thread T_5;
    .scope S_0x55fae6763280;
T_6 ;
    %vpi_call 3 22 "$readmemh", "firmware.hex", v0x55fae6763540 {0 0 0};
    %end;
    .thread T_6;
    .scope S_0x55fae6763280;
T_7 ;
    %wait E_0x55fae66adb80;
    %load/vec4 v0x55fae6763860_0;
    %flag_set/vec4 8;
    %jmp/0xz  T_7.0, 8;
    %ix/getv 4, v0x55fae6763af0_0;
    %load/vec4a v0x55fae6763540, 4;
    %assign/vec4 v0x55fae67637c0_0, 0;
T_7.0 ;
    %load/vec4 v0x55fae6763a30_0;
    %parti/s 1, 0, 2;
    %flag_set/vec4 8;
    %jmp/0xz  T_7.2, 8;
    %load/vec4 v0x55fae6763970_0;
    %parti/s 8, 0, 2;
    %ix/getv 3, v0x55fae6763af0_0;
    %ix/load 4, 0, 0; Constant delay
    %assign/vec4/a/d v0x55fae6763540, 0, 4;
T_7.2 ;
    %load/vec4 v0x55fae6763a30_0;
    %parti/s 1, 1, 2;
    %flag_set/vec4 8;
    %jmp/0xz  T_7.4, 8;
    %load/vec4 v0x55fae6763970_0;
    %parti/s 8, 8, 5;
    %ix/getv 3, v0x55fae6763af0_0;
    %ix/load 4, 8, 0; part off
    %ix/load 5, 0, 0; Constant delay
    %assign/vec4/a/d v0x55fae6763540, 4, 5;
T_7.4 ;
    %load/vec4 v0x55fae6763a30_0;
    %parti/s 1, 2, 3;
    %flag_set/vec4 8;
    %jmp/0xz  T_7.6, 8;
    %load/vec4 v0x55fae6763970_0;
    %parti/s 8, 16, 6;
    %ix/getv 3, v0x55fae6763af0_0;
    %ix/load 4, 16, 0; part off
    %ix/load 5, 0, 0; Constant delay
    %assign/vec4/a/d v0x55fae6763540, 4, 5;
T_7.6 ;
    %load/vec4 v0x55fae6763a30_0;
    %parti/s 1, 3, 3;
    %flag_set/vec4 8;
    %jmp/0xz  T_7.8, 8;
    %load/vec4 v0x55fae6763970_0;
    %parti/s 8, 24, 6;
    %ix/getv 3, v0x55fae6763af0_0;
    %ix/load 4, 24, 0; part off
    %ix/load 5, 0, 0; Constant delay
    %assign/vec4/a/d v0x55fae6763540, 4, 5;
T_7.8 ;
    %jmp T_7;
    .thread T_7;
    .scope S_0x55fae6763cd0;
T_8 ;
    %pushi/vec4 0, 0, 5;
    %store/vec4 v0x55fae6764420_0, 0, 5;
    %end;
    .thread T_8;
    .scope S_0x55fae6763cd0;
T_9 ;
    %wait E_0x55fae66adb80;
    %load/vec4 v0x55fae6764420_0;
    %parti/s 1, 4, 4;
    %load/vec4 v0x55fae6764500_0;
    %or/r;
    %nor/r;
    %and;
    %flag_set/vec4 8;
    %jmp/0xz  T_9.0, 8;
    %pushi/vec4 1, 0, 1;
    %assign/vec4 v0x55fae6764930_0, 0;
    %jmp T_9.1;
T_9.0 ;
    %load/vec4 v0x55fae6764870_0;
    %load/vec4 v0x55fae6764930_0;
    %and;
    %flag_set/vec4 8;
    %jmp/0xz  T_9.2, 8;
    %pushi/vec4 0, 0, 1;
    %assign/vec4 v0x55fae6764930_0, 0;
T_9.2 ;
T_9.1 ;
    %load/vec4 v0x55fae6764930_0;
    %load/vec4 v0x55fae6764420_0;
    %parti/s 1, 4, 4;
    %or;
    %flag_set/vec4 8;
    %jmp/0xz  T_9.4, 8;
    %pushi/vec4 10, 0, 5;
    %assign/vec4 v0x55fae6764420_0, 0;
    %jmp T_9.5;
T_9.4 ;
    %load/vec4 v0x55fae6764420_0;
    %subi 1, 0, 5;
    %assign/vec4 v0x55fae6764420_0, 0;
T_9.5 ;
    %load/vec4 v0x55fae6764420_0;
    %parti/s 1, 4, 4;
    %flag_set/vec4 8;
    %jmp/0xz  T_9.6, 8;
    %pushi/vec4 0, 0, 1;
    %load/vec4 v0x55fae6764500_0;
    %parti/s 9, 1, 2;
    %concat/vec4; draw_concat_vec4
    %assign/vec4 v0x55fae6764500_0, 0;
    %jmp T_9.7;
T_9.6 ;
    %load/vec4 v0x55fae6764870_0;
    %load/vec4 v0x55fae6764930_0;
    %and;
    %flag_set/vec4 8;
    %jmp/0xz  T_9.8, 8;
    %pushi/vec4 1, 0, 1;
    %load/vec4 v0x55fae67646d0_0;
    %concat/vec4; draw_concat_vec4
    %concati/vec4 0, 0, 1;
    %assign/vec4 v0x55fae6764500_0, 0;
T_9.8 ;
T_9.7 ;
    %jmp T_9;
    .thread T_9;
    .scope S_0x55fae67627d0;
T_10 ;
    %pushi/vec4 0, 0, 16;
    %store/vec4 v0x55fae6762e70_0, 0, 16;
    %end;
    .thread T_10;
    .scope S_0x55fae67627d0;
T_11 ;
    %wait E_0x55fae66ad930;
    %load/vec4 v0x55fae6763010_0;
    %flag_set/vec4 8;
    %jmp/0xz  T_11.0, 8;
    %pushi/vec4 0, 0, 16;
    %assign/vec4 v0x55fae6762e70_0, 0;
    %jmp T_11.1;
T_11.0 ;
    %load/vec4 v0x55fae6762e70_0;
    %load/vec4 v0x55fae67631a0_0;
    %nor/r;
    %pad/u 16;
    %add;
    %assign/vec4 v0x55fae6762e70_0, 0;
T_11.1 ;
    %jmp T_11;
    .thread T_11;
    .scope S_0x55fae673d0c0;
T_12 ;
    %wait E_0x55fae66adb80;
    %load/vec4 v0x55fae6765990_0;
    %load/vec4 v0x55fae6765fb0_0;
    %and;
    %load/vec4 v0x55fae6765ef0_0;
    %parti/s 1, 0, 2;
    %and;
    %flag_set/vec4 8;
    %jmp/0xz  T_12.0, 8;
    %load/vec4 v0x55fae6765d60_0;
    %pad/u 5;
    %assign/vec4 v0x55fae6764d50_0, 0;
T_12.0 ;
    %jmp T_12;
    .thread T_12;
    .scope S_0x55fae673d0c0;
T_13 ;
    %wait E_0x55fae66adb80;
    %load/vec4 v0x55fae6766200_0;
    %flag_set/vec4 8;
    %jmp/0xz  T_13.0, 8;
    %vpi_call 3 395 "$write", "%c", &PV<v0x55fae6765d60_0, 0, 8> {0 0 0};
    %vpi_call 3 396 "$fflush", 32'b10000000000000000000000000000001 {0 0 0};
T_13.0 ;
    %jmp T_13;
    .thread T_13;
    .scope S_0x55fae6734ae0;
T_14 ;
    %pushi/vec4 0, 0, 1;
    %store/vec4 v0x55fae6766600_0, 0, 1;
    %pushi/vec4 0, 0, 5;
    %store/vec4 v0x55fae67667e0_0, 0, 5;
    %end;
    .thread T_14;
    .scope S_0x55fae6734ae0;
T_15 ;
    %pushi/vec4 0, 0, 1;
    %store/vec4 v0x55fae6766360_0, 0, 1;
T_15.0 ;
    %delay 1, 0;
    %load/vec4 v0x55fae6766360_0;
    %inv;
    %store/vec4 v0x55fae6766360_0, 0, 1;
    %load/vec4 v0x55fae6766420_0;
    %load/vec4 v0x55fae67667e0_0;
    %cmp/ne;
    %jmp/0xz  T_15.1, 4;
    %vpi_call 2 22 "$display", "LEDS = %b", v0x55fae6766420_0 {0 0 0};
T_15.1 ;
    %load/vec4 v0x55fae6766420_0;
    %assign/vec4 v0x55fae67667e0_0, 0;
    %jmp T_15.0;
    %end;
    .thread T_15;
# The file index is used to find the file name in the following table.
:file_names 7;
    "N/A";
    "<interactive>";
    "bench_iverilog.v";
    "step20.v";
    "./clockworks.v";
    "./../../RTL/PLL/femtopll.v";
    "./emitter_uart.v";
